<testsuites id="" name="" tests="3" failures="0" skipped="0" errors="0" time="16.190711999999998">
<testsuite name="Alerts.spec.js" timestamp="2026-05-30T16:21:35.664Z" hostname="chromium" tests="3" failures="0" skipped="0" time="29.558" errors="0">
<testcase name="Alerts with OK Button" classname="Alerts.spec.js" time="7.104">
<system-out>
<![CDATA[Dialog message:  I am an alert box!
]]>
</system-out>
</testcase>
<testcase name="Confirmation Dialog-Alert with OK and Cancel Button" classname="Alerts.spec.js" time="7.12">
<system-out>
<![CDATA[Dialog message:  Press a button!
]]>
</system-out>
</testcase>
<testcase name="Prompt Dialog-Alert with OK and Cancel Button" classname="Alerts.spec.js" time="15.334">
<system-out>
<![CDATA[Dialog message:  Please enter your name:
Default value:  Harry Potter
]]>
</system-out>
</testcase>
</testsuite>
</testsuites>